Using globally installed version of Yarn
yarn install v1.12.1
[1/4] Resolving packages...
[2/4] Fetching packages...
[3/4] Linking dependencies...
[4/4] Building fresh packages...
error /Users/jbraeg/grpc_example/node_modules/grpc: Command failed.
Exit code: 1
Command: node-pre-gyp install --fallback-to-build --library=static_library
Arguments: 
Directory: /Users/jbraeg/grpc_example/node_modules/grpc
Output:
node-pre-gyp info it worked if it ends with ok
node-pre-gyp info using node-pre-gyp@0.13.0
node-pre-gyp info using node@8.11.3 | darwin | x64
node-pre-gyp WARN Using needle for node-pre-gyp https download 
node-pre-gyp info check checked for "/Users/jbraeg/grpc_example/node_modules/grpc/src/node/extension_binary/node-v57-darwin-x64-unknown/grpc_node.node" (not found)
node-pre-gyp http GET https://node-precompiled-binaries.grpc.io/grpc/v1.20.3/node-v57-darwin-x64-unknown.tar.gz
node-pre-gyp WARN Pre-built binaries not installable for grpc@1.20.3 and node@8.11.3 (node-v57 ABI, unknown) (falling back to source compile with node-gyp) 
node-pre-gyp WARN Hit error getaddrinfo ENOTFOUND node-precompiled-binaries.grpc.io node-precompiled-binaries.grpc.io:443 
gyp info it worked if it ends with ok
gyp info using node-gyp@3.6.2
gyp info using node@8.11.3 | darwin | x64
gyp info ok 
gyp info it worked if it ends with ok
gyp info using node-gyp@3.6.2
gyp info using node@8.11.3 | darwin | x64
gyp info spawn /usr/local/bin/python2
gyp info spawn args [ '/usr/local/Cellar/node@8/8.11.3_1/lib/node_modules/npm/node_modules/node-gyp/gyp/gyp_main.py',
gyp info spawn args   'binding.gyp',
gyp info spawn args   '-f',
gyp info spawn args   'make',
gyp info spawn args   '-I',
gyp info spawn args   '/Users/jbraeg/grpc_example/node_modules/grpc/build/config.gypi',
gyp info spawn args   '-I',
gyp info spawn args   '/usr/local/Cellar/node@8/8.11.3_1/lib/node_modules/npm/node_modules/node-gyp/addon.gypi',
gyp info spawn args   '-I',
gyp info spawn args   '/Users/jbraeg/.node-gyp/8.11.3/include/node/common.gypi',
gyp info spawn args   '-Dlibrary=shared_library',
gyp info spawn args   '-Dvisibility=default',
gyp info spawn args   '-Dnode_root_dir=/Users/jbraeg/.node-gyp/8.11.3',
gyp info spawn args   '-Dnode_gyp_dir=/usr/local/Cellar/node@8/8.11.3_1/lib/node_modules/npm/node_modules/node-gyp',
gyp info spawn args   '-Dnode_lib_file=/Users/jbraeg/.node-gyp/8.11.3/<(target_arch)/node.lib',
gyp info spawn args   '-Dmodule_root_dir=/Users/jbraeg/grpc_example/node_modules/grpc',
gyp info spawn args   '-Dnode_engine=v8',
gyp info spawn args   '--depth=.',
gyp info spawn args   '--no-parallel',
gyp info spawn args   '--generator-output',
gyp info spawn args   'build',
gyp info spawn args   '-Goutput_dir=.' ]
xcode-select: error: tool 'xcodebuild' requires Xcode, but active developer directory '/Library/Developer/CommandLineTools' is a command line tools instance

xcode-select: error: tool 'xcodebuild' requires Xcode, but active developer directory '/Library/Developer/CommandLineTools' is a command line tools instance

Traceback (most recent call last):
  File "/usr/local/Cellar/node@8/8.11.3_1/lib/node_modules/npm/node_modules/node-gyp/gyp/gyp_main.py", line 16, in <module>
    sys.exit(gyp.script_main())
  File "/usr/local/Cellar/node@8/8.11.3_1/lib/node_modules/npm/node_modules/node-gyp/gyp/pylib/gyp/__init__.py", line 545, in script_main
    return main(sys.argv[1:])
  File "/usr/local/Cellar/node@8/8.11.3_1/lib/node_modules/npm/node_modules/node-gyp/gyp/pylib/gyp/__init__.py", line 538, in main
    return gyp_main(args)
  File "/usr/local/Cellar/node@8/8.11.3_1/lib/node_modules/npm/node_modules/node-gyp/gyp/pylib/gyp/__init__.py", line 523, in gyp_main
    generator.GenerateOutput(flat_list, targets, data, params)
  File "/usr/local/Cellar/node@8/8.11.3_1/lib/node_modules/npm/node_modules/node-gyp/gyp/pylib/gyp/generator/make.py", line 2170, in GenerateOutput
    part_of_all=qualified_target in needed_targets)
  File "/usr/local/Cellar/node@8/8.11.3_1/lib/node_modules/npm/node_modules/node-gyp/gyp/pylib/gyp/generator/make.py", line 795, in Write
    self.Pchify))
  File "/usr/local/Cellar/node@8/8.11.3_1/lib/node_modules/npm/node_modules/node-gyp/gyp/pylib/gyp/generator/make.py", line 1190, in WriteSources
    cflags = self.xcode_settings.GetCflags(configname)
  File "/usr/local/Cellar/node@8/8.11.3_1/lib/node_modules/npm/node_modules/node-gyp/gyp/pylib/gyp/xcode_emulation.py", line 551, in GetCflags
    archs = self.GetActiveArchs(self.configname)
  File "/usr/local/Cellar/node@8/8.11.3_1/lib/node_modules/npm/node_modules/node-gyp/gyp/pylib/gyp/xcode_emulation.py", line 420, in GetActiveArchs
    xcode_archs_default = GetXcodeArchsDefault()
  File "/usr/local/Cellar/node@8/8.11.3_1/lib/node_modules/npm/node_modules/node-gyp/gyp/pylib/gyp/xcode_emulation.py", line 118, in GetXcodeArchsDefault
    xcode_version, _ = XcodeVersion()
  File "/usr/local/Cellar/node@8/8.11.3_1/lib/node_modules/npm/node_modules/node-gyp/gyp/pylib/gyp/xcode_emulation.py", line 1265, in XcodeVersion
    version = re.match(r'(\d\.\d\.?\d*)', version).groups()[0]
AttributeError: 'NoneType' object has no attribute 'groups'
gyp ERR! configure error 
gyp ERR! stack Error: `gyp` failed with exit code: 1
gyp ERR! stack     at ChildProcess.onCpExit (/usr/local/Cellar/node@8/8.11.3_1/lib/node_modules/npm/node_modules/node-gyp/lib/configure.js:336:16)
gyp ERR! stack     at emitTwo (events.js:126:13)
gyp ERR! stack     at ChildProcess.emit (events.js:214:7)
gyp ERR! stack     at Process.ChildProcess._handle.onexit (internal/child_process.js:198:12)
gyp ERR! System Darwin 18.5.0
gyp ERR! command "/usr/local/Cellar/node@8/8.11.3_1/bin/node" "/usr/local/Cellar/node@8/8.11.3_1/lib/node_modules/npm/node_modules/node-gyp/bin/node-gyp.js" "configure" "--fallback-to-build" "--library=static_library" "--module=/Users/jbraeg/grpc_example/node_modules/grpc/src/node/extension_binary/node-v57-darwin-x64-unknown/grpc_node.node" "--module_name=grpc_node" "--module_path=/Users/jbraeg/grpc_example/node_modules/grpc/src/node/extension_binary/node-v57-darwin-x64-unknown" "--napi_version=3" "--node_abi_napi=napi" "--napi_build_version=0" "--node_napi_label=node-v57"
gyp ERR! cwd /Users/jbraeg/grpc_example/node_modules/grpc
gyp ERR! node -v v8.11.3
gyp ERR! node-gyp -v v3.6.2
gyp ERR! not ok 
node-pre-gyp ERR! build error 
node-pre-gyp ERR! stack Error: Failed to execute '/usr/local/Cellar/node@8/8.11.3_1/bin/node /usr/local/Cellar/node@8/8.11.3_1/lib/node_modules/npm/node_modules/node-gyp/bin/node-gyp.js configure --fallback-to-build --library=static_library --module=/Users/jbraeg/grpc_example/node_modules/grpc/src/node/extension_binary/node-v57-darwin-x64-unknown/grpc_node.node --module_name=grpc_node --module_path=/Users/jbraeg/grpc_example/node_modules/grpc/src/node/extension_binary/node-v57-darwin-x64-unknown --napi_version=3 --node_abi_napi=napi --napi_build_version=0 --node_napi_label=node-v57' (1)
node-pre-gyp ERR! stack     at ChildProcess.<anonymous> (/Users/jbraeg/grpc_example/node_modules/node-pre-gyp/lib/util/compile.js:83:29)
node-pre-gyp ERR! stack     at emitTwo (events.js:126:13)
node-pre-gyp ERR! stack     at ChildProcess.emit (events.js:214:7)
node-pre-gyp ERR! stack     at maybeClose (internal/child_process.js:925:16)
node-pre-gyp ERR! stack     at Process.ChildProcess._handle.onexit (internal/child_process.js:209:5)
node-pre-gyp ERR! System Darwin 18.5.0
node-pre-gyp ERR! command "/usr/local/Cellar/node@8/8.11.3_1/bin/node" "/Users/jbraeg/grpc_example/node_modules/grpc/node_modules/.bin/node-pre-gyp" "install" "--fallback-to-build" "--library=static_library"
node-pre-gyp ERR! cwd /Users/jbraeg/grpc_example/node_modules/grpc
node-pre-gyp ERR! node -v v8.11.3
node-pre-gyp ERR! node-pre-gyp -v v0.13.0
node-pre-gyp ERR! not ok 
Failed to execute '/usr/local/Cellar/node@8/8.11.3_1/bin/node /usr/local/Cellar/node@8/8.11.3_1/lib/node_modules/npm/node_modules/node-gyp/bin/node-gyp.js configure --fallback-to-build --library=static_library --module=/Users/jbraeg/grpc_example/node_modules/grpc/src/node/extension_binary/node-v57-darwin-x64-unknown/grpc_node.node --module_name=grpc_node --module_path=/Users/jbraeg/grpc_example/node_modules/grpc/src/node/extension_binary/node-v57-darwin-x64-unknown --napi_version=3 --node_abi_napi=napi --napi_build_version=0 --node_napi_label=node-v57' (1)
info Visit https://yarnpkg.com/en/docs/cli/install for documentation about this command.
